# JRE version: Java(TM) SE Runtime Environment (8.0_05-b13) (build 1.8.0_05-b13)
# Java VM: Java HotSpot(TM) 64-Bit Server VM (25.5-b02 mixed mode bsd-amd64 compressed oops)
Heap:
 PSYoungGen      total 245248K, used 189993K [0x00000007b0000000, 0x00000007c0000000, 0x00000007c0000000)
  eden space 228352K, 78% used [0x00000007b0000000,0x00000007bae199d8,0x00000007bdf00000)
  from space 16896K, 69% used [0x00000007bdf00000,0x00000007bea70c08,0x00000007bef80000)
  to   space 16896K, 0% used [0x00000007bef80000,0x00000007bef80000,0x00000007c0000000)
 ParOldGen       total 89600K, used 72886K [0x0000000790000000, 0x0000000795780000, 0x00000007b0000000)
  object space 89600K, 81% used [0x0000000790000000,0x000000079472d8b8,0x0000000795780000)
 Metaspace       used 56587K, capacity 57906K, committed 58112K, reserved 1099776K
  class space    used 6431K, capacity 6838K, committed 6912K, reserved 1048576K
GC Heap History (10 events):
Event: 15.311 GC heap before
{Heap before GC invocations=58 (full 6):
 PSYoungGen      total 229376K, used 218162K [0x00000007b0000000, 0x00000007bfb80000, 0x00000007c0000000)
  eden space 217088K, 98% used [0x00000007b0000000,0x00000007bd1804d0,0x00000007bd400000)
  from space 12288K, 29% used [0x00000007bd400000,0x00000007bd78c440,0x00000007be000000)
  to   space 11776K, 0% used [0x00000007bf000000,0x00000007bf000000,0x00000007bfb80000)
 ParOldGen       total 73216K, used 59125K [0x0000000790000000, 0x0000000794780000, 0x00000007b0000000)
  object space 73216K, 80% used [0x0000000790000000,0x00000007939bd690,0x0000000794780000)
 Metaspace       used 50378K, capacity 51538K, committed 51584K, reserved 1095680K
  class space    used 5596K, capacity 5994K, committed 6016K, reserved 1048576K
Event: 15.321 GC heap after
Heap after GC invocations=58 (full 6):
 PSYoungGen      total 243712K, used 6978K [0x00000007b0000000, 0x00000007bfa80000, 0x00000007c0000000)
  eden space 232960K, 0% used [0x00000007b0000000,0x00000007b0000000,0x00000007be380000)
  from space 10752K, 64% used [0x00000007bf000000,0x00000007bf6d09f8,0x00000007bfa80000)
  to   space 11776K, 0% used [0x00000007be380000,0x00000007be380000,0x00000007bef00000)
 ParOldGen       total 73216K, used 59133K [0x0000000790000000, 0x0000000794780000, 0x00000007b0000000)
  object space 73216K, 80% used [0x0000000790000000,0x00000007939bf690,0x0000000794780000)
 Metaspace       used 50378K, capacity 51538K, committed 51584K, reserved 1095680K
  class space    used 5596K, capacity 5994K, committed 6016K, reserved 1048576K
}
Event: 16.013 GC heap before
{Heap before GC invocations=59 (full 6):
 PSYoungGen      total 243712K, used 238070K [0x00000007b0000000, 0x00000007bfa80000, 0x00000007c0000000)
  eden space 232960K, 99% used [0x00000007b0000000,0x00000007be1ad000,0x00000007be380000)
  from space 10752K, 64% used [0x00000007bf000000,0x00000007bf6d09f8,0x00000007bfa80000)
  to   space 11776K, 0% used [0x00000007be380000,0x00000007be380000,0x00000007bef00000)
 ParOldGen       total 73216K, used 59133K [0x0000000790000000, 0x0000000794780000, 0x00000007b0000000)
  object space 73216K, 80% used [0x0000000790000000,0x00000007939bf690,0x0000000794780000)
 Metaspace       used 52167K, capacity 53374K, committed 53632K, reserved 1097728K
  class space    used 5847K, capacity 6220K, committed 6272K, reserved 1048576K
Event: 16.038 GC heap after
Heap after GC invocations=59 (full 6):
 PSYoungGen      total 244736K, used 11075K [0x00000007b0000000, 0x00000007c0000000, 0x00000007c0000000)
  eden space 232960K, 0% used [0x00000007b0000000,0x00000007b0000000,0x00000007be380000)
  from space 11776K, 94% used [0x00000007be380000,0x00000007bee50c08,0x00000007bef00000)
  to   space 13312K, 0% used [0x00000007bf300000,0x00000007bf300000,0x00000007c0000000)
 ParOldGen       total 73216K, used 59141K [0x0000000790000000, 0x0000000794780000, 0x00000007b0000000)
  object space 73216K, 80% used [0x0000000790000000,0x00000007939c1690,0x0000000794780000)
 Metaspace       used 52167K, capacity 53374K, committed 53632K, reserved 1097728K
  class space    used 5847K, capacity 6220K, committed 6272K, reserved 1048576K
}
Event: 16.939 GC heap before
{Heap before GC invocations=60 (full 6):
 PSYoungGen      total 244736K, used 244035K [0x00000007b0000000, 0x00000007c0000000, 0x00000007c0000000)
  eden space 232960K, 100% used [0x00000007b0000000,0x00000007be380000,0x00000007be380000)
  from space 11776K, 94% used [0x00000007be380000,0x00000007bee50c08,0x00000007bef00000)
  to   space 13312K, 0% used [0x00000007bf300000,0x00000007bf300000,0x00000007c0000000)
 ParOldGen       total 73216K, used 59141K [0x0000000790000000, 0x0000000794780000, 0x00000007b0000000)
  object space 73216K, 80% used [0x0000000790000000,0x00000007939c1690,0x0000000794780000)
 Metaspace       used 53157K, capacity 54352K, committed 54528K, reserved 1097728K
  class space    used 5976K, capacity 6367K, committed 6400K, reserved 1048576K
Event: 16.983 GC heap after
Heap after GC invocations=60 (full 6):
 PSYoungGen      total 241664K, used 13294K [0x00000007b0000000, 0x00000007c0000000, 0x00000007c0000000)
  eden space 228352K, 0% used [0x00000007b0000000,0x00000007b0000000,0x00000007bdf00000)
  from space 13312K, 99% used [0x00000007bf300000,0x00000007bfffba50,0x00000007c0000000)
  to   space 16896K, 0% used [0x00000007bdf00000,0x00000007bdf00000,0x00000007bef80000)
 ParOldGen       total 73216K, used 62795K [0x0000000790000000, 0x0000000794780000, 0x00000007b0000000)
  object space 73216K, 85% used [0x0000000790000000,0x0000000793d52da8,0x0000000794780000)
 Metaspace       used 53157K, capacity 54352K, committed 54528K, reserved 1097728K
  class space    used 5976K, capacity 6367K, committed 6400K, reserved 1048576K
}
Event: 18.354 GC heap before
{Heap before GC invocations=61 (full 6):
 PSYoungGen      total 241664K, used 241646K [0x00000007b0000000, 0x00000007c0000000, 0x00000007c0000000)
  eden space 228352K, 100% used [0x00000007b0000000,0x00000007bdf00000,0x00000007bdf00000)
  from space 13312K, 99% used [0x00000007bf300000,0x00000007bfffba50,0x00000007c0000000)
  to   space 16896K, 0% used [0x00000007bdf00000,0x00000007bdf00000,0x00000007bef80000)
 ParOldGen       total 73216K, used 62795K [0x0000000790000000, 0x0000000794780000, 0x00000007b0000000)
  object space 73216K, 85% used [0x0000000790000000,0x0000000793d52da8,0x0000000794780000)
 Metaspace       used 54712K, capacity 56026K, committed 56320K, reserved 1099776K
  class space    used 6115K, capacity 6534K, committed 6656K, reserved 1048576K
Event: 18.388 GC heap after
Heap after GC invocations=61 (full 6):
 PSYoungGen      total 245248K, used 16879K [0x00000007b0000000, 0x00000007c0000000, 0x00000007c0000000)
  eden space 228352K, 0% used [0x00000007b0000000,0x00000007b0000000,0x00000007bdf00000)
  from space 16896K, 99% used [0x00000007bdf00000,0x00000007bef7bfb8,0x00000007bef80000)
  to   space 16896K, 0% used [0x00000007bef80000,0x00000007bef80000,0x00000007c0000000)
 ParOldGen       total 73216K, used 69652K [0x0000000790000000, 0x0000000794780000, 0x00000007b0000000)
  object space 73216K, 95% used [0x0000000790000000,0x0000000794405078,0x0000000794780000)
 Metaspace       used 54712K, capacity 56026K, committed 56320K, reserved 1099776K
  class space    used 6115K, capacity 6534K, committed 6656K, reserved 1048576K
}
Event: 18.388 GC heap before
{Heap before GC invocations=62 (full 7):
 PSYoungGen      total 245248K, used 16879K [0x00000007b0000000, 0x00000007c0000000, 0x00000007c0000000)
  eden space 228352K, 0% used [0x00000007b0000000,0x00000007b0000000,0x00000007bdf00000)
  from space 16896K, 99% used [0x00000007bdf00000,0x00000007bef7bfb8,0x00000007bef80000)
  to   space 16896K, 0% used [0x00000007bef80000,0x00000007bef80000,0x00000007c0000000)
 ParOldGen       total 73216K, used 69652K [0x0000000790000000, 0x0000000794780000, 0x00000007b0000000)
  object space 73216K, 95% used [0x0000000790000000,0x0000000794405078,0x0000000794780000)
 Metaspace       used 54712K, capacity 56026K, committed 56320K, reserved 1099776K
  class space    used 6115K, capacity 6534K, committed 6656K, reserved 1048576K
Event: 19.399 GC heap after
Heap after GC invocations=62 (full 7):
 PSYoungGen      total 245248K, used 11715K [0x00000007b0000000, 0x00000007c0000000, 0x00000007c0000000)
  eden space 228352K, 0% used [0x00000007b0000000,0x00000007b0000000,0x00000007bdf00000)
  from space 16896K, 69% used [0x00000007bdf00000,0x00000007bea70c08,0x00000007bef80000)
  to   space 16896K, 0% used [0x00000007bef80000,0x00000007bef80000,0x00000007c0000000)
 ParOldGen       total 89600K, used 72886K [0x0000000790000000, 0x0000000795780000, 0x00000007b0000000)
  object space 89600K, 81% used [0x0000000790000000,0x000000079472d8b8,0x0000000795780000)
 Metaspace       used 54712K, capacity 56026K, committed 56320K, reserved 1099776K
  class space    used 6115K, capacity 6534K, committed 6656K, reserved 1048576K
}

