# JRE version: Java(TM) SE Runtime Environment (8.0_05-b13) (build 1.8.0_05-b13)
# Java VM: Java HotSpot(TM) 64-Bit Server VM (25.5-b02 mixed mode bsd-amd64 compressed oops)
Heap:
 PSYoungGen      total 215552K, used 107282K [0x00000007b0000000, 0x00000007c0000000, 0x00000007c0000000)
  eden space 190464K, 43% used [0x00000007b0000000,0x00000007b5045480,0x00000007bba00000)
  from space 25088K, 99% used [0x00000007be780000,0x00000007bffff488,0x00000007c0000000)
  to   space 35840K, 0% used [0x00000007bba00000,0x00000007bba00000,0x00000007bdd00000)
 ParOldGen       total 83968K, used 72679K [0x0000000790000000, 0x0000000795200000, 0x00000007b0000000)
  object space 83968K, 86% used [0x0000000790000000,0x00000007946f9dd0,0x0000000795200000)
 Metaspace       used 57791K, capacity 59276K, committed 59480K, reserved 1101824K
  class space    used 6582K, capacity 7026K, committed 7040K, reserved 1048576K
GC Heap History (10 events):
Event: 17.747 GC heap before
{Heap before GC invocations=70 (full 5):
 PSYoungGen      total 230400K, used 219992K [0x00000007b0000000, 0x00000007bf700000, 0x00000007c0000000)
  eden space 211968K, 100% used [0x00000007b0000000,0x00000007bcf00000,0x00000007bcf00000)
  from space 18432K, 43% used [0x00000007be500000,0x00000007becd6110,0x00000007bf700000)
  to   space 20480K, 0% used [0x00000007bcf00000,0x00000007bcf00000,0x00000007be300000)
 ParOldGen       total 70144K, used 58340K [0x0000000790000000, 0x0000000794480000, 0x00000007b0000000)
  object space 70144K, 83% used [0x0000000790000000,0x00000007938f9008,0x0000000794480000)
 Metaspace       used 52638K, capacity 53812K, committed 54232K, reserved 1097728K
  class space    used 5904K, capacity 6296K, committed 6400K, reserved 1048576K
Event: 17.775 GC heap after
Heap after GC invocations=70 (full 5):
 PSYoungGen      total 232448K, used 13084K [0x00000007b0000000, 0x00000007c0000000, 0x00000007c0000000)
  eden space 211968K, 0% used [0x00000007b0000000,0x00000007b0000000,0x00000007bcf00000)
  from space 20480K, 63% used [0x00000007bcf00000,0x00000007bdbc7280,0x00000007be300000)
  to   space 20992K, 0% used [0x00000007beb80000,0x00000007beb80000,0x00000007c0000000)
 ParOldGen       total 70144K, used 58348K [0x0000000790000000, 0x0000000794480000, 0x00000007b0000000)
  object space 70144K, 83% used [0x0000000790000000,0x00000007938fb008,0x0000000794480000)
 Metaspace       used 52638K, capacity 53812K, committed 54232K, reserved 1097728K
  class space    used 5904K, capacity 6296K, committed 6400K, reserved 1048576K
}
Event: 19.151 GC heap before
{Heap before GC invocations=71 (full 5):
 PSYoungGen      total 232448K, used 225052K [0x00000007b0000000, 0x00000007c0000000, 0x00000007c0000000)
  eden space 211968K, 100% used [0x00000007b0000000,0x00000007bcf00000,0x00000007bcf00000)
  from space 20480K, 63% used [0x00000007bcf00000,0x00000007bdbc7280,0x00000007be300000)
  to   space 20992K, 0% used [0x00000007beb80000,0x00000007beb80000,0x00000007c0000000)
 ParOldGen       total 70144K, used 58348K [0x0000000790000000, 0x0000000794480000, 0x00000007b0000000)
  object space 70144K, 83% used [0x0000000790000000,0x00000007938fb008,0x0000000794480000)
 Metaspace       used 54201K, capacity 55488K, committed 55640K, reserved 1097728K
  class space    used 6059K, capacity 6441K, committed 6528K, reserved 1048576K
Event: 19.226 GC heap after
Heap after GC invocations=71 (full 5):
 PSYoungGen      total 232960K, used 20991K [0x00000007b0000000, 0x00000007c0000000, 0x00000007c0000000)
  eden space 211968K, 0% used [0x00000007b0000000,0x00000007b0000000,0x00000007bcf00000)
  from space 20992K, 99% used [0x00000007beb80000,0x00000007bffffc98,0x00000007c0000000)
  to   space 25088K, 0% used [0x00000007bcf00000,0x00000007bcf00000,0x00000007be780000)
 ParOldGen       total 70144K, used 58941K [0x0000000790000000, 0x0000000794480000, 0x00000007b0000000)
  object space 70144K, 84% used [0x0000000790000000,0x000000079398f640,0x0000000794480000)
 Metaspace       used 54201K, capacity 55488K, committed 55640K, reserved 1097728K
  class space    used 6059K, capacity 6441K, committed 6528K, reserved 1048576K
}
Event: 20.600 GC heap before
{Heap before GC invocations=72 (full 5):
 PSYoungGen      total 232960K, used 230583K [0x00000007b0000000, 0x00000007c0000000, 0x00000007c0000000)
  eden space 211968K, 98% used [0x00000007b0000000,0x00000007bccae0f0,0x00000007bcf00000)
  from space 20992K, 99% used [0x00000007beb80000,0x00000007bffffc98,0x00000007c0000000)
  to   space 25088K, 0% used [0x00000007bcf00000,0x00000007bcf00000,0x00000007be780000)
 ParOldGen       total 70144K, used 58941K [0x0000000790000000, 0x0000000794480000, 0x00000007b0000000)
  object space 70144K, 84% used [0x0000000790000000,0x000000079398f640,0x0000000794480000)
 Metaspace       used 56188K, capacity 57524K, committed 57688K, reserved 1099776K
  class space    used 6336K, capacity 6735K, committed 6784K, reserved 1048576K
Event: 20.631 GC heap after
Heap after GC invocations=72 (full 5):
 PSYoungGen      total 237056K, used 25074K [0x00000007b0000000, 0x00000007c0000000, 0x00000007c0000000)
  eden space 211968K, 0% used [0x00000007b0000000,0x00000007b0000000,0x00000007bcf00000)
  from space 25088K, 99% used [0x00000007bcf00000,0x00000007be77c9f8,0x00000007be780000)
  to   space 25088K, 0% used [0x00000007be780000,0x00000007be780000,0x00000007c0000000)
 ParOldGen       total 70144K, used 66036K [0x0000000790000000, 0x0000000794480000, 0x00000007b0000000)
  object space 70144K, 94% used [0x0000000790000000,0x000000079407d038,0x0000000794480000)
 Metaspace       used 56188K, capacity 57524K, committed 57688K, reserved 1099776K
  class space    used 6336K, capacity 6735K, committed 6784K, reserved 1048576K
}
Event: 20.632 GC heap before
{Heap before GC invocations=73 (full 6):
 PSYoungGen      total 237056K, used 25074K [0x00000007b0000000, 0x00000007c0000000, 0x00000007c0000000)
  eden space 211968K, 0% used [0x00000007b0000000,0x00000007b0000000,0x00000007bcf00000)
  from space 25088K, 99% used [0x00000007bcf00000,0x00000007be77c9f8,0x00000007be780000)
  to   space 25088K, 0% used [0x00000007be780000,0x00000007be780000,0x00000007c0000000)
 ParOldGen       total 70144K, used 66036K [0x0000000790000000, 0x0000000794480000, 0x00000007b0000000)
  object space 70144K, 94% used [0x0000000790000000,0x000000079407d038,0x0000000794480000)
 Metaspace       used 56188K, capacity 57524K, committed 57688K, reserved 1099776K
  class space    used 6336K, capacity 6735K, committed 6784K, reserved 1048576K
Event: 21.443 GC heap after
Heap after GC invocations=73 (full 6):
 PSYoungGen      total 237056K, used 19810K [0x00000007b0000000, 0x00000007c0000000, 0x00000007c0000000)
  eden space 211968K, 0% used [0x00000007b0000000,0x00000007b0000000,0x00000007bcf00000)
  from space 25088K, 78% used [0x00000007bcf00000,0x00000007be258aa0,0x00000007be780000)
  to   space 25088K, 0% used [0x00000007be780000,0x00000007be780000,0x00000007c0000000)
 ParOldGen       total 83968K, used 69915K [0x0000000790000000, 0x0000000795200000, 0x00000007b0000000)
  object space 83968K, 83% used [0x0000000790000000,0x0000000794446e98,0x0000000795200000)
 Metaspace       used 56188K, capacity 57524K, committed 57688K, reserved 1099776K
  class space    used 6336K, capacity 6735K, committed 6784K, reserved 1048576K
}
Event: 22.509 GC heap before
{Heap before GC invocations=74 (full 6):
 PSYoungGen      total 237056K, used 228546K [0x00000007b0000000, 0x00000007c0000000, 0x00000007c0000000)
  eden space 211968K, 98% used [0x00000007b0000000,0x00000007bcbd7f60,0x00000007bcf00000)
  from space 25088K, 78% used [0x00000007bcf00000,0x00000007be258aa0,0x00000007be780000)
  to   space 25088K, 0% used [0x00000007be780000,0x00000007be780000,0x00000007c0000000)
 ParOldGen       total 83968K, used 69915K [0x0000000790000000, 0x0000000795200000, 0x00000007b0000000)
  object space 83968K, 83% used [0x0000000790000000,0x0000000794446e98,0x0000000795200000)
 Metaspace       used 57611K, capacity 59098K, committed 59224K, reserved 1101824K
  class space    used 6556K, capacity 6990K, committed 7040K, reserved 1048576K
Event: 22.576 GC heap after
Heap after GC invocations=74 (full 6):
 PSYoungGen      total 215552K, used 25085K [0x00000007b0000000, 0x00000007c0000000, 0x00000007c0000000)
  eden space 190464K, 0% used [0x00000007b0000000,0x00000007b0000000,0x00000007bba00000)
  from space 25088K, 99% used [0x00000007be780000,0x00000007bffff488,0x00000007c0000000)
  to   space 35840K, 0% used [0x00000007bba00000,0x00000007bba00000,0x00000007bdd00000)
 ParOldGen       total 83968K, used 72679K [0x0000000790000000, 0x0000000795200000, 0x00000007b0000000)
  object space 83968K, 86% used [0x0000000790000000,0x00000007946f9dd0,0x0000000795200000)
 Metaspace       used 57611K, capacity 59098K, committed 59224K, reserved 1101824K
  class space    used 6556K, capacity 6990K, committed 7040K, reserved 1048576K
}

