# JRE version: Java(TM) SE Runtime Environment (8.0_05-b13) (build 1.8.0_05-b13)
# Java VM: Java HotSpot(TM) 64-Bit Server VM (25.5-b02 mixed mode bsd-amd64 compressed oops)
Heap:
 PSYoungGen      total 237056K, used 71817K [0x00000007b0000000, 0x00000007bff80000, 0x00000007c0000000)
  eden space 214528K, 26% used [0x00000007b0000000,0x00000007b37e0eb8,0x00000007bd180000)
  from space 22528K, 64% used [0x00000007be980000,0x00000007bf7c1568,0x00000007bff80000)
  to   space 23552K, 0% used [0x00000007bd180000,0x00000007bd180000,0x00000007be880000)
 ParOldGen       total 104960K, used 88933K [0x0000000790000000, 0x0000000796680000, 0x00000007b0000000)
  object space 104960K, 84% used [0x0000000790000000,0x00000007956d9430,0x0000000796680000)
 Metaspace       used 61810K, capacity 63468K, committed 63488K, reserved 1105920K
  class space    used 7155K, capacity 7674K, committed 7680K, reserved 1048576K
GC Heap History (10 events):
Event: 16.710 GC heap before
{Heap before GC invocations=67 (full 6):
 PSYoungGen      total 246272K, used 15871K [0x00000007b0000000, 0x00000007c0000000, 0x00000007c0000000)
  eden space 230400K, 0% used [0x00000007b0000000,0x00000007b0000000,0x00000007be100000)
  from space 15872K, 99% used [0x00000007be100000,0x00000007bf07fd10,0x00000007bf080000)
  to   space 15872K, 0% used [0x00000007bf080000,0x00000007bf080000,0x00000007c0000000)
 ParOldGen       total 72704K, used 70867K [0x0000000790000000, 0x0000000794700000, 0x00000007b0000000)
  object space 72704K, 97% used [0x0000000790000000,0x0000000794534f58,0x0000000794700000)
 Metaspace       used 54829K, capacity 56068K, committed 56448K, reserved 1099776K
  class space    used 6116K, capacity 6503K, committed 6528K, reserved 1048576K
Event: 17.813 GC heap after
Heap after GC invocations=67 (full 6):
 PSYoungGen      total 246272K, used 12145K [0x00000007b0000000, 0x00000007c0000000, 0x00000007c0000000)
  eden space 230400K, 0% used [0x00000007b0000000,0x00000007b0000000,0x00000007be100000)
  from space 15872K, 76% used [0x00000007be100000,0x00000007becdc440,0x00000007bf080000)
  to   space 15872K, 0% used [0x00000007bf080000,0x00000007bf080000,0x00000007c0000000)
 ParOldGen       total 87552K, used 72293K [0x0000000790000000, 0x0000000795580000, 0x00000007b0000000)
  object space 87552K, 82% used [0x0000000790000000,0x00000007946995c0,0x0000000795580000)
 Metaspace       used 54829K, capacity 56068K, committed 56448K, reserved 1099776K
  class space    used 6116K, capacity 6503K, committed 6528K, reserved 1048576K
}
Event: 18.662 GC heap before
{Heap before GC invocations=68 (full 6):
 PSYoungGen      total 246272K, used 242545K [0x00000007b0000000, 0x00000007c0000000, 0x00000007c0000000)
  eden space 230400K, 100% used [0x00000007b0000000,0x00000007be100000,0x00000007be100000)
  from space 15872K, 76% used [0x00000007be100000,0x00000007becdc440,0x00000007bf080000)
  to   space 15872K, 0% used [0x00000007bf080000,0x00000007bf080000,0x00000007c0000000)
 ParOldGen       total 87552K, used 72293K [0x0000000790000000, 0x0000000795580000, 0x00000007b0000000)
  object space 87552K, 82% used [0x0000000790000000,0x00000007946995c0,0x0000000795580000)
 Metaspace       used 56882K, capacity 58190K, committed 58368K, reserved 1101824K
  class space    used 6460K, capacity 6844K, committed 6912K, reserved 1048576K
Event: 18.698 GC heap after
Heap after GC invocations=68 (full 6):
 PSYoungGen      total 228864K, used 15871K [0x00000007b0000000, 0x00000007c0000000, 0x00000007c0000000)
  eden space 212992K, 0% used [0x00000007b0000000,0x00000007b0000000,0x00000007bd000000)
  from space 15872K, 99% used [0x00000007bf080000,0x00000007bffffc10,0x00000007c0000000)
  to   space 24576K, 0% used [0x00000007bd000000,0x00000007bd000000,0x00000007be800000)
 ParOldGen       total 87552K, used 78339K [0x0000000790000000, 0x0000000795580000, 0x00000007b0000000)
  object space 87552K, 89% used [0x0000000790000000,0x0000000794c80f48,0x0000000795580000)
 Metaspace       used 56882K, capacity 58190K, committed 58368K, reserved 1101824K
  class space    used 6460K, capacity 6844K, committed 6912K, reserved 1048576K
}
Event: 18.698 GC heap before
{Heap before GC invocations=69 (full 7):
 PSYoungGen      total 228864K, used 15871K [0x00000007b0000000, 0x00000007c0000000, 0x00000007c0000000)
  eden space 212992K, 0% used [0x00000007b0000000,0x00000007b0000000,0x00000007bd000000)
  from space 15872K, 99% used [0x00000007bf080000,0x00000007bffffc10,0x00000007c0000000)
  to   space 24576K, 0% used [0x00000007bd000000,0x00000007bd000000,0x00000007be800000)
 ParOldGen       total 87552K, used 78339K [0x0000000790000000, 0x0000000795580000, 0x00000007b0000000)
  object space 87552K, 89% used [0x0000000790000000,0x0000000794c80f48,0x0000000795580000)
 Metaspace       used 56882K, capacity 58190K, committed 58368K, reserved 1101824K
  class space    used 6460K, capacity 6844K, committed 6912K, reserved 1048576K
Event: 19.322 GC heap after
Heap after GC invocations=69 (full 7):
 PSYoungGen      total 228864K, used 6089K [0x00000007b0000000, 0x00000007c0000000, 0x00000007c0000000)
  eden space 212992K, 0% used [0x00000007b0000000,0x00000007b0000000,0x00000007bd000000)
  from space 15872K, 38% used [0x00000007bf080000,0x00000007bf672440,0x00000007c0000000)
  to   space 24576K, 0% used [0x00000007bd000000,0x00000007bd000000,0x00000007be800000)
 ParOldGen       total 104960K, used 87069K [0x0000000790000000, 0x0000000796680000, 0x00000007b0000000)
  object space 104960K, 82% used [0x0000000790000000,0x0000000795507430,0x0000000796680000)
 Metaspace       used 56882K, capacity 58190K, committed 58368K, reserved 1101824K
  class space    used 6460K, capacity 6844K, committed 6912K, reserved 1048576K
}
Event: 20.042 GC heap before
{Heap before GC invocations=70 (full 7):
 PSYoungGen      total 228864K, used 213130K [0x00000007b0000000, 0x00000007c0000000, 0x00000007c0000000)
  eden space 212992K, 97% used [0x00000007b0000000,0x00000007bca304b0,0x00000007bd000000)
  from space 15872K, 38% used [0x00000007bf080000,0x00000007bf672440,0x00000007c0000000)
  to   space 24576K, 0% used [0x00000007bd000000,0x00000007bd000000,0x00000007be800000)
 ParOldGen       total 104960K, used 87069K [0x0000000790000000, 0x0000000796680000, 0x00000007b0000000)
  object space 104960K, 82% used [0x0000000790000000,0x0000000795507430,0x0000000796680000)
 Metaspace       used 58436K, capacity 59826K, committed 59904K, reserved 1101824K
  class space    used 6701K, capacity 7121K, committed 7168K, reserved 1048576K
Event: 20.076 GC heap after
Heap after GC invocations=70 (full 7):
 PSYoungGen      total 237568K, used 10443K [0x00000007b0000000, 0x00000007c0000000, 0x00000007c0000000)
  eden space 212992K, 0% used [0x00000007b0000000,0x00000007b0000000,0x00000007bd000000)
  from space 24576K, 42% used [0x00000007bd000000,0x00000007bda32c10,0x00000007be800000)
  to   space 23040K, 0% used [0x00000007be980000,0x00000007be980000,0x00000007c0000000)
 ParOldGen       total 104960K, used 88925K [0x0000000790000000, 0x0000000796680000, 0x00000007b0000000)
  object space 104960K, 84% used [0x0000000790000000,0x00000007956d7430,0x0000000796680000)
 Metaspace       used 58436K, capacity 59826K, committed 59904K, reserved 1101824K
  class space    used 6701K, capacity 7121K, committed 7168K, reserved 1048576K
}
Event: 20.729 GC heap before
{Heap before GC invocations=71 (full 7):
 PSYoungGen      total 237568K, used 223435K [0x00000007b0000000, 0x00000007c0000000, 0x00000007c0000000)
  eden space 212992K, 100% used [0x00000007b0000000,0x00000007bd000000,0x00000007bd000000)
  from space 24576K, 42% used [0x00000007bd000000,0x00000007bda32c10,0x00000007be800000)
  to   space 23040K, 0% used [0x00000007be980000,0x00000007be980000,0x00000007c0000000)
 ParOldGen       total 104960K, used 88925K [0x0000000790000000, 0x0000000796680000, 0x00000007b0000000)
  object space 104960K, 84% used [0x0000000790000000,0x00000007956d7430,0x0000000796680000)
 Metaspace       used 60728K, capacity 62226K, committed 62336K, reserved 1103872K
  class space    used 7005K, capacity 7501K, committed 7552K, reserved 1048576K
Event: 20.746 GC heap after
Heap after GC invocations=71 (full 7):
 PSYoungGen      total 237056K, used 14597K [0x00000007b0000000, 0x00000007bff80000, 0x00000007c0000000)
  eden space 214528K, 0% used [0x00000007b0000000,0x00000007b0000000,0x00000007bd180000)
  from space 22528K, 64% used [0x00000007be980000,0x00000007bf7c1568,0x00000007bff80000)
  to   space 23552K, 0% used [0x00000007bd180000,0x00000007bd180000,0x00000007be880000)
 ParOldGen       total 104960K, used 88933K [0x0000000790000000, 0x0000000796680000, 0x00000007b0000000)
  object space 104960K, 84% used [0x0000000790000000,0x00000007956d9430,0x0000000796680000)
 Metaspace       used 60728K, capacity 62226K, committed 62336K, reserved 1103872K
  class space    used 7005K, capacity 7501K, committed 7552K, reserved 1048576K
}

