# JRE version: Java(TM) SE Runtime Environment (8.0_05-b13) (build 1.8.0_05-b13)
# Java VM: Java HotSpot(TM) 64-Bit Server VM (25.5-b02 mixed mode bsd-amd64 compressed oops)
Heap:
 PSYoungGen      total 242176K, used 217609K [0x00000007b0000000, 0x00000007c0000000, 0x00000007c0000000)
  eden space 227328K, 89% used [0x00000007b0000000,0x00000007bc687510,0x00000007bde00000)
  from space 14848K, 96% used [0x00000007bf180000,0x00000007bff7b038,0x00000007c0000000)
  to   space 17408K, 0% used [0x00000007bde00000,0x00000007bde00000,0x00000007bef00000)
 ParOldGen       total 83968K, used 69336K [0x0000000790000000, 0x0000000795200000, 0x00000007b0000000)
  object space 83968K, 82% used [0x0000000790000000,0x00000007943b6270,0x0000000795200000)
 Metaspace       used 56533K, capacity 57874K, committed 58112K, reserved 1099776K
  class space    used 6423K, capacity 6807K, committed 6912K, reserved 1048576K
GC Heap History (10 events):
Event: 12.895 GC heap before
{Heap before GC invocations=64 (full 5):
 PSYoungGen      total 211968K, used 207521K [0x00000007b0000000, 0x00000007bd800000, 0x00000007c0000000)
  eden space 203776K, 100% used [0x00000007b0000000,0x00000007bc700000,0x00000007bc700000)
  from space 8192K, 45% used [0x00000007bd000000,0x00000007bd3a8668,0x00000007bd800000)
  to   space 8704K, 0% used [0x00000007bc700000,0x00000007bc700000,0x00000007bcf80000)
 ParOldGen       total 69120K, used 57796K [0x0000000790000000, 0x0000000794380000, 0x00000007b0000000)
  object space 69120K, 83% used [0x0000000790000000,0x00000007938711f8,0x0000000794380000)
 Metaspace       used 50362K, capacity 51614K, committed 51840K, reserved 1095680K
  class space    used 5595K, capacity 5998K, committed 6016K, reserved 1048576K
Event: 12.911 GC heap after
Heap after GC invocations=64 (full 5):
 PSYoungGen      total 212480K, used 7277K [0x00000007b0000000, 0x00000007bec80000, 0x00000007c0000000)
  eden space 203776K, 0% used [0x00000007b0000000,0x00000007b0000000,0x00000007bc700000)
  from space 8704K, 83% used [0x00000007bc700000,0x00000007bce1b6c0,0x00000007bcf80000)
  to   space 9728K, 0% used [0x00000007be300000,0x00000007be300000,0x00000007bec80000)
 ParOldGen       total 69120K, used 57804K [0x0000000790000000, 0x0000000794380000, 0x00000007b0000000)
  object space 69120K, 83% used [0x0000000790000000,0x00000007938731f8,0x0000000794380000)
 Metaspace       used 50362K, capacity 51614K, committed 51840K, reserved 1095680K
  class space    used 5595K, capacity 5998K, committed 6016K, reserved 1048576K
}
Event: 13.509 GC heap before
{Heap before GC invocations=65 (full 5):
 PSYoungGen      total 212480K, used 211053K [0x00000007b0000000, 0x00000007bec80000, 0x00000007c0000000)
  eden space 203776K, 100% used [0x00000007b0000000,0x00000007bc700000,0x00000007bc700000)
  from space 8704K, 83% used [0x00000007bc700000,0x00000007bce1b6c0,0x00000007bcf80000)
  to   space 9728K, 0% used [0x00000007be300000,0x00000007be300000,0x00000007bec80000)
 ParOldGen       total 69120K, used 57804K [0x0000000790000000, 0x0000000794380000, 0x00000007b0000000)
  object space 69120K, 83% used [0x0000000790000000,0x00000007938731f8,0x0000000794380000)
 Metaspace       used 51861K, capacity 52970K, committed 53376K, reserved 1095680K
  class space    used 5820K, capacity 6192K, committed 6272K, reserved 1048576K
Event: 13.538 GC heap after
Heap after GC invocations=65 (full 5):
 PSYoungGen      total 230912K, used 9722K [0x00000007b0000000, 0x00000007bef00000, 0x00000007c0000000)
  eden space 221184K, 0% used [0x00000007b0000000,0x00000007b0000000,0x00000007bd800000)
  from space 9728K, 99% used [0x00000007be300000,0x00000007bec7eb08,0x00000007bec80000)
  to   space 11264K, 0% used [0x00000007bd800000,0x00000007bd800000,0x00000007be300000)
 ParOldGen       total 69120K, used 58306K [0x0000000790000000, 0x0000000794380000, 0x00000007b0000000)
  object space 69120K, 84% used [0x0000000790000000,0x00000007938f0858,0x0000000794380000)
 Metaspace       used 51861K, capacity 52970K, committed 53376K, reserved 1095680K
  class space    used 5820K, capacity 6192K, committed 6272K, reserved 1048576K
}
Event: 14.348 GC heap before
{Heap before GC invocations=66 (full 5):
 PSYoungGen      total 230912K, used 230906K [0x00000007b0000000, 0x00000007bef00000, 0x00000007c0000000)
  eden space 221184K, 100% used [0x00000007b0000000,0x00000007bd800000,0x00000007bd800000)
  from space 9728K, 99% used [0x00000007be300000,0x00000007bec7eb08,0x00000007bec80000)
  to   space 11264K, 0% used [0x00000007bd800000,0x00000007bd800000,0x00000007be300000)
 ParOldGen       total 69120K, used 58306K [0x0000000790000000, 0x0000000794380000, 0x00000007b0000000)
  object space 69120K, 84% used [0x0000000790000000,0x00000007938f0858,0x0000000794380000)
 Metaspace       used 52954K, capacity 54194K, committed 54528K, reserved 1097728K
  class space    used 5951K, capacity 6333K, committed 6400K, reserved 1048576K
Event: 14.385 GC heap after
Heap after GC invocations=66 (full 5):
 PSYoungGen      total 232448K, used 11233K [0x00000007b0000000, 0x00000007c0000000, 0x00000007c0000000)
  eden space 221184K, 0% used [0x00000007b0000000,0x00000007b0000000,0x00000007bd800000)
  from space 11264K, 99% used [0x00000007bd800000,0x00000007be2f86f8,0x00000007be300000)
  to   space 14848K, 0% used [0x00000007bf180000,0x00000007bf180000,0x00000007c0000000)
 ParOldGen       total 69120K, used 63569K [0x0000000790000000, 0x0000000794380000, 0x00000007b0000000)
  object space 69120K, 91% used [0x0000000790000000,0x0000000793e14668,0x0000000794380000)
 Metaspace       used 52954K, capacity 54194K, committed 54528K, reserved 1097728K
  class space    used 5951K, capacity 6333K, committed 6400K, reserved 1048576K
}
Event: 14.386 GC heap before
{Heap before GC invocations=67 (full 6):
 PSYoungGen      total 232448K, used 11233K [0x00000007b0000000, 0x00000007c0000000, 0x00000007c0000000)
  eden space 221184K, 0% used [0x00000007b0000000,0x00000007b0000000,0x00000007bd800000)
  from space 11264K, 99% used [0x00000007bd800000,0x00000007be2f86f8,0x00000007be300000)
  to   space 14848K, 0% used [0x00000007bf180000,0x00000007bf180000,0x00000007c0000000)
 ParOldGen       total 69120K, used 63569K [0x0000000790000000, 0x0000000794380000, 0x00000007b0000000)
  object space 69120K, 91% used [0x0000000790000000,0x0000000793e14668,0x0000000794380000)
 Metaspace       used 52954K, capacity 54194K, committed 54528K, reserved 1097728K
  class space    used 5951K, capacity 6333K, committed 6400K, reserved 1048576K
Event: 15.160 GC heap after
Heap after GC invocations=67 (full 6):
 PSYoungGen      total 232448K, used 4055K [0x00000007b0000000, 0x00000007c0000000, 0x00000007c0000000)
  eden space 221184K, 0% used [0x00000007b0000000,0x00000007b0000000,0x00000007bd800000)
  from space 11264K, 36% used [0x00000007bd800000,0x00000007bdbf5c90,0x00000007be300000)
  to   space 14848K, 0% used [0x00000007bf180000,0x00000007bf180000,0x00000007c0000000)
 ParOldGen       total 83968K, used 69000K [0x0000000790000000, 0x0000000795200000, 0x00000007b0000000)
  object space 83968K, 82% used [0x0000000790000000,0x0000000794362270,0x0000000795200000)
 Metaspace       used 52954K, capacity 54194K, committed 54528K, reserved 1097728K
  class space    used 5951K, capacity 6333K, committed 6400K, reserved 1048576K
}
Event: 16.113 GC heap before
{Heap before GC invocations=68 (full 6):
 PSYoungGen      total 232448K, used 216681K [0x00000007b0000000, 0x00000007c0000000, 0x00000007c0000000)
  eden space 221184K, 96% used [0x00000007b0000000,0x00000007bcfa4b18,0x00000007bd800000)
  from space 11264K, 36% used [0x00000007bd800000,0x00000007bdbf5c90,0x00000007be300000)
  to   space 14848K, 0% used [0x00000007bf180000,0x00000007bf180000,0x00000007c0000000)
 ParOldGen       total 83968K, used 69000K [0x0000000790000000, 0x0000000795200000, 0x00000007b0000000)
  object space 83968K, 82% used [0x0000000790000000,0x0000000794362270,0x0000000795200000)
 Metaspace       used 54551K, capacity 55878K, committed 56192K, reserved 1099776K
  class space    used 6105K, capacity 6506K, committed 6528K, reserved 1048576K
Event: 16.162 GC heap after
Heap after GC invocations=68 (full 6):
 PSYoungGen      total 242176K, used 14316K [0x00000007b0000000, 0x00000007c0000000, 0x00000007c0000000)
  eden space 227328K, 0% used [0x00000007b0000000,0x00000007b0000000,0x00000007bde00000)
  from space 14848K, 96% used [0x00000007bf180000,0x00000007bff7b038,0x00000007c0000000)
  to   space 17408K, 0% used [0x00000007bde00000,0x00000007bde00000,0x00000007bef00000)
 ParOldGen       total 83968K, used 69336K [0x0000000790000000, 0x0000000795200000, 0x00000007b0000000)
  object space 83968K, 82% used [0x0000000790000000,0x00000007943b6270,0x0000000795200000)
 Metaspace       used 54551K, capacity 55878K, committed 56192K, reserved 1099776K
  class space    used 6105K, capacity 6506K, committed 6528K, reserved 1048576K
}

