# JRE version: Java(TM) SE Runtime Environment (8.0_05-b13) (build 1.8.0_05-b13)
# Java VM: Java HotSpot(TM) 64-Bit Server VM (25.5-b02 mixed mode bsd-amd64 compressed oops)
Heap:
 PSYoungGen      total 215040K, used 64061K [0x00000007b0000000, 0x00000007c0000000, 0x00000007c0000000)
  eden space 189440K, 20% used [0x00000007b0000000,0x00000007b25940a0,0x00000007bb900000)
  from space 25600K, 99% used [0x00000007bb900000,0x00000007bd1fb568,0x00000007bd200000)
  to   space 38400K, 0% used [0x00000007bda80000,0x00000007bda80000,0x00000007c0000000)
 ParOldGen       total 90112K, used 74462K [0x0000000790000000, 0x0000000795800000, 0x00000007b0000000)
  object space 90112K, 82% used [0x0000000790000000,0x00000007948b7a40,0x0000000795800000)
 Metaspace       used 59860K, capacity 61358K, committed 61440K, reserved 1103872K
  class space    used 6907K, capacity 7407K, committed 7424K, reserved 1048576K
GC Heap History (10 events):
Event: 13.752 GC heap before
{Heap before GC invocations=61 (full 5):
 PSYoungGen      total 240640K, used 240262K [0x00000007b0000000, 0x00000007c0000000, 0x00000007c0000000)
  eden space 223232K, 100% used [0x00000007b0000000,0x00000007bda00000,0x00000007bda00000)
  from space 17408K, 97% used [0x00000007bda00000,0x00000007beaa1bb0,0x00000007beb00000)
  to   space 21504K, 0% used [0x00000007beb00000,0x00000007beb00000,0x00000007c0000000)
 ParOldGen       total 73728K, used 58763K [0x0000000790000000, 0x0000000794800000, 0x00000007b0000000)
  object space 73728K, 79% used [0x0000000790000000,0x0000000793962f90,0x0000000794800000)
 Metaspace       used 54746K, capacity 55982K, committed 56192K, reserved 1099776K
  class space    used 6107K, capacity 6502K, committed 6528K, reserved 1048576K
Event: 13.782 GC heap after
Heap after GC invocations=61 (full 5):
 PSYoungGen      total 229376K, used 21478K [0x00000007b0000000, 0x00000007c0000000, 0x00000007c0000000)
  eden space 207872K, 0% used [0x00000007b0000000,0x00000007b0000000,0x00000007bcb00000)
  from space 21504K, 99% used [0x00000007beb00000,0x00000007bfff99e0,0x00000007c0000000)
  to   space 27136K, 0% used [0x00000007bcb00000,0x00000007bcb00000,0x00000007be580000)
 ParOldGen       total 73728K, used 63712K [0x0000000790000000, 0x0000000794800000, 0x00000007b0000000)
  object space 73728K, 86% used [0x0000000790000000,0x0000000793e38288,0x0000000794800000)
 Metaspace       used 54746K, capacity 55982K, committed 56192K, reserved 1099776K
  class space    used 6107K, capacity 6502K, committed 6528K, reserved 1048576K
}
Event: 14.637 GC heap before
{Heap before GC invocations=62 (full 5):
 PSYoungGen      total 229376K, used 228715K [0x00000007b0000000, 0x00000007c0000000, 0x00000007c0000000)
  eden space 207872K, 99% used [0x00000007b0000000,0x00000007bca61340,0x00000007bcb00000)
  from space 21504K, 99% used [0x00000007beb00000,0x00000007bfff99e0,0x00000007c0000000)
  to   space 27136K, 0% used [0x00000007bcb00000,0x00000007bcb00000,0x00000007be580000)
 ParOldGen       total 73728K, used 63712K [0x0000000790000000, 0x0000000794800000, 0x00000007b0000000)
  object space 73728K, 86% used [0x0000000790000000,0x0000000793e38288,0x0000000794800000)
 Metaspace       used 56772K, capacity 58098K, committed 58368K, reserved 1101824K
  class space    used 6439K, capacity 6841K, committed 6912K, reserved 1048576K
Event: 14.682 GC heap after
Heap after GC invocations=62 (full 5):
 PSYoungGen      total 235008K, used 27113K [0x00000007b0000000, 0x00000007c0000000, 0x00000007c0000000)
  eden space 207872K, 0% used [0x00000007b0000000,0x00000007b0000000,0x00000007bcb00000)
  from space 27136K, 99% used [0x00000007bcb00000,0x00000007be57a790,0x00000007be580000)
  to   space 27136K, 0% used [0x00000007be580000,0x00000007be580000,0x00000007c0000000)
 ParOldGen       total 73728K, used 68787K [0x0000000790000000, 0x0000000794800000, 0x00000007b0000000)
  object space 73728K, 93% used [0x0000000790000000,0x000000079432ceb0,0x0000000794800000)
 Metaspace       used 56772K, capacity 58098K, committed 58368K, reserved 1101824K
  class space    used 6439K, capacity 6841K, committed 6912K, reserved 1048576K
}
Event: 14.682 GC heap before
{Heap before GC invocations=63 (full 6):
 PSYoungGen      total 235008K, used 27113K [0x00000007b0000000, 0x00000007c0000000, 0x00000007c0000000)
  eden space 207872K, 0% used [0x00000007b0000000,0x00000007b0000000,0x00000007bcb00000)
  from space 27136K, 99% used [0x00000007bcb00000,0x00000007be57a790,0x00000007be580000)
  to   space 27136K, 0% used [0x00000007be580000,0x00000007be580000,0x00000007c0000000)
 ParOldGen       total 73728K, used 68787K [0x0000000790000000, 0x0000000794800000, 0x00000007b0000000)
  object space 73728K, 93% used [0x0000000790000000,0x000000079432ceb0,0x0000000794800000)
 Metaspace       used 56772K, capacity 58098K, committed 58368K, reserved 1101824K
  class space    used 6439K, capacity 6841K, committed 6912K, reserved 1048576K
Event: 15.665 GC heap after
Heap after GC invocations=63 (full 6):
 PSYoungGen      total 235008K, used 19806K [0x00000007b0000000, 0x00000007c0000000, 0x00000007c0000000)
  eden space 207872K, 0% used [0x00000007b0000000,0x00000007b0000000,0x00000007bcb00000)
  from space 27136K, 72% used [0x00000007bcb00000,0x00000007bde57b78,0x00000007be580000)
  to   space 27136K, 0% used [0x00000007be580000,0x00000007be580000,0x00000007c0000000)
 ParOldGen       total 90112K, used 73282K [0x0000000790000000, 0x0000000795800000, 0x00000007b0000000)
  object space 90112K, 81% used [0x0000000790000000,0x0000000794790a10,0x0000000795800000)
 Metaspace       used 56772K, capacity 58098K, committed 58368K, reserved 1101824K
  class space    used 6439K, capacity 6841K, committed 6912K, reserved 1048576K
}
Event: 16.173 GC heap before
{Heap before GC invocations=64 (full 6):
 PSYoungGen      total 235008K, used 226480K [0x00000007b0000000, 0x00000007c0000000, 0x00000007c0000000)
  eden space 207872K, 99% used [0x00000007b0000000,0x00000007bc9d4500,0x00000007bcb00000)
  from space 27136K, 72% used [0x00000007bcb00000,0x00000007bde57b78,0x00000007be580000)
  to   space 27136K, 0% used [0x00000007be580000,0x00000007be580000,0x00000007c0000000)
 ParOldGen       total 90112K, used 73282K [0x0000000790000000, 0x0000000795800000, 0x00000007b0000000)
  object space 90112K, 81% used [0x0000000790000000,0x0000000794790a10,0x0000000795800000)
 Metaspace       used 57864K, capacity 59318K, committed 59520K, reserved 1101824K
  class space    used 6587K, capacity 7023K, committed 7040K, reserved 1048576K
Event: 16.217 GC heap after
Heap after GC invocations=64 (full 6):
 PSYoungGen      total 216576K, used 24386K [0x00000007b0000000, 0x00000007c0000000, 0x00000007c0000000)
  eden space 189440K, 0% used [0x00000007b0000000,0x00000007b0000000,0x00000007bb900000)
  from space 27136K, 89% used [0x00000007be580000,0x00000007bfd50be8,0x00000007c0000000)
  to   space 36352K, 0% used [0x00000007bb900000,0x00000007bb900000,0x00000007bdc80000)
 ParOldGen       total 90112K, used 74454K [0x0000000790000000, 0x0000000795800000, 0x00000007b0000000)
  object space 90112K, 82% used [0x0000000790000000,0x00000007948b5a40,0x0000000795800000)
 Metaspace       used 57864K, capacity 59318K, committed 59520K, reserved 1101824K
  class space    used 6587K, capacity 7023K, committed 7040K, reserved 1048576K
}
Event: 16.506 GC heap before
{Heap before GC invocations=65 (full 6):
 PSYoungGen      total 216576K, used 213826K [0x00000007b0000000, 0x00000007c0000000, 0x00000007c0000000)
  eden space 189440K, 100% used [0x00000007b0000000,0x00000007bb900000,0x00000007bb900000)
  from space 27136K, 89% used [0x00000007be580000,0x00000007bfd50be8,0x00000007c0000000)
  to   space 36352K, 0% used [0x00000007bb900000,0x00000007bb900000,0x00000007bdc80000)
 ParOldGen       total 90112K, used 74454K [0x0000000790000000, 0x0000000795800000, 0x00000007b0000000)
  object space 90112K, 82% used [0x0000000790000000,0x00000007948b5a40,0x0000000795800000)
 Metaspace       used 59519K, capacity 60994K, committed 61184K, reserved 1103872K
  class space    used 6871K, capacity 7347K, committed 7424K, reserved 1048576K
Event: 16.529 GC heap after
Heap after GC invocations=65 (full 6):
 PSYoungGen      total 215040K, used 25581K [0x00000007b0000000, 0x00000007c0000000, 0x00000007c0000000)
  eden space 189440K, 0% used [0x00000007b0000000,0x00000007b0000000,0x00000007bb900000)
  from space 25600K, 99% used [0x00000007bb900000,0x00000007bd1fb568,0x00000007bd200000)
  to   space 38400K, 0% used [0x00000007bda80000,0x00000007bda80000,0x00000007c0000000)
 ParOldGen       total 90112K, used 74462K [0x0000000790000000, 0x0000000795800000, 0x00000007b0000000)
  object space 90112K, 82% used [0x0000000790000000,0x00000007948b7a40,0x0000000795800000)
 Metaspace       used 59519K, capacity 60994K, committed 61184K, reserved 1103872K
  class space    used 6871K, capacity 7347K, committed 7424K, reserved 1048576K
}

