# JRE version: Java(TM) SE Runtime Environment (8.0_05-b13) (build 1.8.0_05-b13)
# Java VM: Java HotSpot(TM) 64-Bit Server VM (25.5-b02 mixed mode bsd-amd64 compressed oops)
Heap:
 PSYoungGen      total 235008K, used 195784K [0x0000000131c00000, 0x0000000141c00000, 0x0000000141c00000)
  eden space 219136K, 85% used [0x0000000131c00000,0x000000013d2424d0,0x000000013f200000)
  from space 15872K, 57% used [0x0000000140c80000,0x000000014156fc98,0x0000000141c00000)
  to   space 21504K, 0% used [0x000000013f200000,0x000000013f200000,0x0000000140700000)
 ParOldGen       total 89600K, used 73583K [0x0000000111c00000, 0x0000000117380000, 0x0000000131c00000)
  object space 89600K, 82% used [0x0000000111c00000,0x00000001163dbdc0,0x0000000117380000)
 Metaspace       used 56308K, capacity 57606K, committed 57856K, reserved 1099776K
  class space    used 6363K, capacity 6785K, committed 6912K, reserved 1048576K
GC Heap History (10 events):
Event: 22.400 GC heap before
{Heap before GC invocations=59 (full 6):
 PSYoungGen      total 215040K, used 202664K [0x0000000131c00000, 0x000000013fd80000, 0x0000000141c00000)
  eden space 202240K, 99% used [0x0000000131c00000,0x000000013e023c40,0x000000013e180000)
  from space 12800K, 14% used [0x000000013f100000,0x000000013f2c64f0,0x000000013fd80000)
  to   space 14336K, 0% used [0x000000013e180000,0x000000013e180000,0x000000013ef80000)
 ParOldGen       total 73728K, used 60360K [0x0000000111c00000, 0x0000000116400000, 0x0000000131c00000)
  object space 73728K, 81% used [0x0000000111c00000,0x00000001156f2210,0x0000000116400000)
 Metaspace       used 50379K, capacity 51538K, committed 51840K, reserved 1095680K
  class space    used 5588K, capacity 5994K, committed 6016K, reserved 1048576K
Event: 22.406 GC heap after
Heap after GC invocations=59 (full 6):
 PSYoungGen      total 216576K, used 5290K [0x0000000131c00000, 0x0000000140d00000, 0x0000000141c00000)
  eden space 202240K, 0% used [0x0000000131c00000,0x0000000131c00000,0x000000013e180000)
  from space 14336K, 36% used [0x000000013e180000,0x000000013e6aaa58,0x000000013ef80000)
  to   space 13824K, 0% used [0x000000013ff80000,0x000000013ff80000,0x0000000140d00000)
 ParOldGen       total 73728K, used 60368K [0x0000000111c00000, 0x0000000116400000, 0x0000000131c00000)
  object space 73728K, 81% used [0x0000000111c00000,0x00000001156f4210,0x0000000116400000)
 Metaspace       used 50379K, capacity 51538K, committed 51840K, reserved 1095680K
  class space    used 5588K, capacity 5994K, committed 6016K, reserved 1048576K
}
Event: 23.256 GC heap before
{Heap before GC invocations=60 (full 6):
 PSYoungGen      total 216576K, used 207530K [0x0000000131c00000, 0x0000000140d00000, 0x0000000141c00000)
  eden space 202240K, 100% used [0x0000000131c00000,0x000000013e180000,0x000000013e180000)
  from space 14336K, 36% used [0x000000013e180000,0x000000013e6aaa58,0x000000013ef80000)
  to   space 13824K, 0% used [0x000000013ff80000,0x000000013ff80000,0x0000000140d00000)
 ParOldGen       total 73728K, used 60368K [0x0000000111c00000, 0x0000000116400000, 0x0000000131c00000)
  object space 73728K, 81% used [0x0000000111c00000,0x00000001156f4210,0x0000000116400000)
 Metaspace       used 51902K, capacity 53086K, committed 53376K, reserved 1095680K
  class space    used 5811K, capacity 6188K, committed 6272K, reserved 1048576K
Event: 23.275 GC heap after
Heap after GC invocations=60 (full 6):
 PSYoungGen      total 231936K, used 8137K [0x0000000131c00000, 0x0000000140c80000, 0x0000000141c00000)
  eden space 218624K, 0% used [0x0000000131c00000,0x0000000131c00000,0x000000013f180000)
  from space 13312K, 61% used [0x000000013ff80000,0x0000000140772458,0x0000000140c80000)
  to   space 13824K, 0% used [0x000000013f180000,0x000000013f180000,0x000000013ff00000)
 ParOldGen       total 73728K, used 60376K [0x0000000111c00000, 0x0000000116400000, 0x0000000131c00000)
  object space 73728K, 81% used [0x0000000111c00000,0x00000001156f6210,0x0000000116400000)
 Metaspace       used 51902K, capacity 53086K, committed 53376K, reserved 1095680K
  class space    used 5811K, capacity 6188K, committed 6272K, reserved 1048576K
}
Event: 24.397 GC heap before
{Heap before GC invocations=61 (full 6):
 PSYoungGen      total 231936K, used 226761K [0x0000000131c00000, 0x0000000140c80000, 0x0000000141c00000)
  eden space 218624K, 100% used [0x0000000131c00000,0x000000013f180000,0x000000013f180000)
  from space 13312K, 61% used [0x000000013ff80000,0x0000000140772458,0x0000000140c80000)
  to   space 13824K, 0% used [0x000000013f180000,0x000000013f180000,0x000000013ff00000)
 ParOldGen       total 73728K, used 60376K [0x0000000111c00000, 0x0000000116400000, 0x0000000131c00000)
  object space 73728K, 81% used [0x0000000111c00000,0x00000001156f6210,0x0000000116400000)
 Metaspace       used 52940K, capacity 54106K, committed 54528K, reserved 1097728K
  class space    used 5937K, capacity 6327K, committed 6400K, reserved 1048576K
Event: 24.438 GC heap after
Heap after GC invocations=61 (full 6):
 PSYoungGen      total 232448K, used 13807K [0x0000000131c00000, 0x0000000141c00000, 0x0000000141c00000)
  eden space 218624K, 0% used [0x0000000131c00000,0x0000000131c00000,0x000000013f180000)
  from space 13824K, 99% used [0x000000013f180000,0x000000013fefbfe0,0x000000013ff00000)
  to   space 15872K, 0% used [0x0000000140c80000,0x0000000140c80000,0x0000000141c00000)
 ParOldGen       total 73728K, used 60694K [0x0000000111c00000, 0x0000000116400000, 0x0000000131c00000)
  object space 73728K, 82% used [0x0000000111c00000,0x0000000115745870,0x0000000116400000)
 Metaspace       used 52940K, capacity 54106K, committed 54528K, reserved 1097728K
  class space    used 5937K, capacity 6327K, committed 6400K, reserved 1048576K
}
Event: 25.502 GC heap before
{Heap before GC invocations=62 (full 6):
 PSYoungGen      total 232448K, used 232431K [0x0000000131c00000, 0x0000000141c00000, 0x0000000141c00000)
  eden space 218624K, 100% used [0x0000000131c00000,0x000000013f180000,0x000000013f180000)
  from space 13824K, 99% used [0x000000013f180000,0x000000013fefbfe0,0x000000013ff00000)
  to   space 15872K, 0% used [0x0000000140c80000,0x0000000140c80000,0x0000000141c00000)
 ParOldGen       total 73728K, used 60694K [0x0000000111c00000, 0x0000000116400000, 0x0000000131c00000)
  object space 73728K, 82% used [0x0000000111c00000,0x0000000115745870,0x0000000116400000)
 Metaspace       used 54543K, capacity 55770K, committed 55936K, reserved 1099776K
  class space    used 6084K, capacity 6470K, committed 6528K, reserved 1048576K
Event: 25.537 GC heap after
Heap after GC invocations=62 (full 6):
 PSYoungGen      total 235008K, used 15855K [0x0000000131c00000, 0x0000000141c00000, 0x0000000141c00000)
  eden space 219136K, 0% used [0x0000000131c00000,0x0000000131c00000,0x000000013f200000)
  from space 15872K, 99% used [0x0000000140c80000,0x0000000141bfbcd8,0x0000000141c00000)
  to   space 21504K, 0% used [0x000000013f200000,0x000000013f200000,0x0000000140700000)
 ParOldGen       total 73728K, used 68654K [0x0000000111c00000, 0x0000000116400000, 0x0000000131c00000)
  object space 73728K, 93% used [0x0000000111c00000,0x0000000115f0b9e8,0x0000000116400000)
 Metaspace       used 54543K, capacity 55770K, committed 55936K, reserved 1099776K
  class space    used 6084K, capacity 6470K, committed 6528K, reserved 1048576K
}
Event: 25.537 GC heap before
{Heap before GC invocations=63 (full 7):
 PSYoungGen      total 235008K, used 15855K [0x0000000131c00000, 0x0000000141c00000, 0x0000000141c00000)
  eden space 219136K, 0% used [0x0000000131c00000,0x0000000131c00000,0x000000013f200000)
  from space 15872K, 99% used [0x0000000140c80000,0x0000000141bfbcd8,0x0000000141c00000)
  to   space 21504K, 0% used [0x000000013f200000,0x000000013f200000,0x0000000140700000)
 ParOldGen       total 73728K, used 68654K [0x0000000111c00000, 0x0000000116400000, 0x0000000131c00000)
  object space 73728K, 93% used [0x0000000111c00000,0x0000000115f0b9e8,0x0000000116400000)
 Metaspace       used 54543K, capacity 55770K, committed 55936K, reserved 1099776K
  class space    used 6084K, capacity 6470K, committed 6528K, reserved 1048576K
Event: 26.267 GC heap after
Heap after GC invocations=63 (full 7):
 PSYoungGen      total 235008K, used 9151K [0x0000000131c00000, 0x0000000141c00000, 0x0000000141c00000)
  eden space 219136K, 0% used [0x0000000131c00000,0x0000000131c00000,0x000000013f200000)
  from space 15872K, 57% used [0x0000000140c80000,0x000000014156fc98,0x0000000141c00000)
  to   space 21504K, 0% used [0x000000013f200000,0x000000013f200000,0x0000000140700000)
 ParOldGen       total 89600K, used 73583K [0x0000000111c00000, 0x0000000117380000, 0x0000000131c00000)
  object space 89600K, 82% used [0x0000000111c00000,0x00000001163dbdc0,0x0000000117380000)
 Metaspace       used 54543K, capacity 55770K, committed 55936K, reserved 1099776K
  class space    used 6084K, capacity 6470K, committed 6528K, reserved 1048576K
}

